Flutter crash report; please file at https://github.com/flutter/flutter/issues.

## command

flutter packages get

## exception

YamlException: Error on line 66, column 13: Expected a key while parsing a block mapping.
            weight
            ^

```
#0      Parser._parseBlockMappingKey (package:yaml/src/parser.dart:448:5)
#1      Parser._stateMachine (package:yaml/src/parser.dart:86:16)
#2      Parser.parse (package:yaml/src/parser.dart:47:19)
#3      Loader._loadMapping (package:yaml/src/loader.dart:171:23)
#4      Loader._loadNode (package:yaml/src/loader.dart:86:16)
#5      Loader._loadSequence (package:yaml/src/loader.dart:141:20)
#6      Loader._loadNode (package:yaml/src/loader.dart:84:16)
#7      Loader._loadMapping (package:yaml/src/loader.dart:165:19)
#8      Loader._loadNode (package:yaml/src/loader.dart:86:16)
#9      Loader._loadSequence (package:yaml/src/loader.dart:141:20)
#10     Loader._loadNode (package:yaml/src/loader.dart:84:16)
#11     Loader._loadMapping (package:yaml/src/loader.dart:165:19)
#12     Loader._loadNode (package:yaml/src/loader.dart:86:16)
#13     Loader._loadMapping (package:yaml/src/loader.dart:165:19)
#14     Loader._loadNode (package:yaml/src/loader.dart:86:16)
#15     Loader._loadDocument (package:yaml/src/loader.dart:62:20)
#16     Loader.load (package:yaml/src/loader.dart:54:20)
#17     loadYamlDocument (package:yaml/yaml.dart:51:25)
#18     loadYamlNode (package:yaml/yaml.dart:42:5)
#19     loadYaml (package:yaml/yaml.dart:34:5)
#20     FlutterManifest.createFromString (package:flutter_tools/src/flutter_manifest.dart:42:28)
<asynchronous suspension>
#21     FlutterManifest.createFromPath (package:flutter_tools/src/flutter_manifest.dart:36:12)
<asynchronous suspension>
#22     FlutterProject._readManifest (package:flutter_tools/src/project.dart:128:60)
<asynchronous suspension>
#23     FlutterProject.fromDirectory (package:flutter_tools/src/project.dart:42:44)
<asynchronous suspension>
#24     FlutterProject.fromPath (package:flutter_tools/src/project.dart:57:58)
#25     PackagesGetCommand.runCommand (package:flutter_tools/src/commands/packages.dart:83:61)
<asynchronous suspension>
#26     FlutterCommand.verifyThenRunCommand (package:flutter_tools/src/runner/flutter_command.dart:401:18)
#27     _asyncThenWrapperHelper.<anonymous closure> (dart:async/runtime/libasync_patch.dart:77:64)
#28     _rootRunUnary (dart:async/zone.dart:1132:38)
#29     _CustomZone.runUnary (dart:async/zone.dart:1029:19)
#30     _FutureListener.handleValue (dart:async/future_impl.dart:129:18)
#31     Future._propagateToListeners.handleValueCallback (dart:async/future_impl.dart:642:45)
#32     Future._propagateToListeners (dart:async/future_impl.dart:671:32)
#33     Future._complete (dart:async/future_impl.dart:476:7)
#34     _SyncCompleter.complete (dart:async/future_impl.dart:51:12)
#35     _AsyncAwaitCompleter.complete.<anonymous closure> (dart:async/runtime/libasync_patch.dart:33:20)
#36     _rootRun (dart:async/zone.dart:1124:13)
#37     _CustomZone.run (dart:async/zone.dart:1021:19)
#38     _CustomZone.bindCallback.<anonymous closure> (dart:async/zone.dart:947:23)
#39     _microtaskLoop (dart:async/schedule_microtask.dart:41:21)
#40     _startMicrotaskLoop (dart:async/schedule_microtask.dart:50:5)
#41     _runPendingImmediateCallback (dart:isolate/runtime/libisolate_patch.dart:115:13)
#42     _RawReceivePortImpl._handleMessage (dart:isolate/runtime/libisolate_patch.dart:172:5)
```

## flutter doctor

```
[✓] Flutter (Channel stable, v1.0.0, on Microsoft Windows [Version 10.0.17134.472], locale en-US)
    • Flutter version 1.0.0 at C:\Users\Sumanth\Desktop\flutter
    • Framework revision 5391447fae (5 weeks ago), 2018-11-29 19:41:26 -0800
    • Engine revision 7375a0f414
    • Dart version 2.1.0 (build 2.1.0-dev.9.4 f9ebf21297)

[✓] Android toolchain - develop for Android devices (Android SDK 28.0.3)
    • Android SDK at C:\Users\Sumanth\AppData\Local\Android\sdk
    • Android NDK location not configured (optional; useful for native profiling support)
    • Platform android-28, build-tools 28.0.3
    • Java binary at: C:\Program Files\Android\Android Studio\jre\bin\java
    • Java version OpenJDK Runtime Environment (build 1.8.0_152-release-1136-b06)
    • All Android licenses accepted.

[✓] Android Studio (version 3.2)
    • Android Studio at C:\Program Files\Android\Android Studio
    • Flutter plugin version 31.3.1
    • Dart plugin version 181.5656
    • Java version OpenJDK Runtime Environment (build 1.8.0_152-release-1136-b06)

[✓] VS Code, 64-bit edition (version 1.30.1)
    • VS Code at C:\Program Files\Microsoft VS Code
    • Flutter extension version 2.21.0

[✓] Connected device (1 available)
    • Android SDK built for x86 • emulator-5554 • android-x86 • Android 8.1.0 (API 27) (emulator)

• No issues found!
```
